<?xml version="1.0" encoding="UTF-8"?>
<!-- Generated by org.testng.reporters.JUnitXMLReporter -->
<testsuite ignored="0" hostname="DESKTOP-DB82FI2" failures="0" tests="3" name="End to End Test" time="118.732" errors="0" timestamp="2025-01-12T18:30:46 EET">
  <testcase classname="com.freecrm.testcases.contactsPageTest" name="newContactTest" time="8.321"/>
  <testcase classname="com.freecrm.testcases.contactsPageTest" name="newContactTest" time="13.816"/>
  <testcase classname="com.freecrm.testcases.contactsPageTest" name="newContactTest" time="16.921"/>
</testsuite> <!-- End to End Test -->
